<?xml version="1.0" encoding="UTF-8"?>
<!-- Generated by org.testng.reporters.JUnitReportReporter -->
<testsuite skipped="0" hostname="DESKTOP-UD53A8A" name="testCases.ReadOneProduct" tests="1" failures="0" timestamp="23 Jul 2022 02:36:35 GMT" time="4.034" errors="0">
  <testcase name="readOneProduct" time="4.034" classname="testCases.ReadOneProduct"/>
</testsuite> <!-- testCases.ReadOneProduct -->
