<?xml version="1.0" encoding="UTF-8"?>
<!-- Generated by org.testng.reporters.JUnitReportReporter -->
<testsuite skipped="0" hostname="DESKTOP-UD53A8A" name="testCases.ReadAllProducts" tests="1" failures="0" timestamp="22 Jul 2022 23:44:56 GMT" time="5.175" errors="0">
  <testcase name="readAllProduct" time="5.175" classname="testCases.ReadAllProducts"/>
</testsuite> <!-- testCases.ReadAllProducts -->
